<?xml version="1.0" encoding="UTF-8"?>
<!-- Generated by org.testng.reporters.JUnitReportReporter -->
<testsuite hostname="WarMachineMac.lan" name="slate.seleniumappium.automation.slate.seleniumappium.automation.AppTest" tests="1" failures="0" timestamp="28 Mar 2019 14:21:18 GMT" time="30.055" errors="0">
  <testcase name="SlateTask" time="30.055" classname="slate.seleniumappium.automation.slate.seleniumappium.automation.AppTest"/>
</testsuite> <!-- slate.seleniumappium.automation.slate.seleniumappium.automation.AppTest -->
